12:24:16.118 [main] INFO  testCases.TC02_LoginPageDataDriven - Entering the Password on Login Page
12:24:16.294 [main] INFO  testCases.TC02_LoginPageDataDriven - Clicking on the Login Button
14:30:15.370 [main] INFO  testCases.TC02_LoginPageDataDriven - Starting login verification test
14:30:15.390 [main] INFO  testCases.TC02_LoginPageDataDriven - Opening the Login Page
14:30:15.488 [main] INFO  testCases.TC02_LoginPageDataDriven - Entering the Username on Login Page
14:30:15.564 [main] INFO  testCases.TC02_LoginPageDataDriven - Entering the Password on Login Page
14:30:15.649 [main] INFO  testCases.TC02_LoginPageDataDriven - Clicking on the Login Button
14:30:25.811 [main] INFO  testCases.TC02_LoginPageDataDriven - Starting login verification test
14:30:25.811 [main] INFO  testCases.TC02_LoginPageDataDriven - Opening the Login Page
14:30:25.978 [main] INFO  testCases.TC02_LoginPageDataDriven - Entering the Username on Login Page
14:30:26.104 [main] INFO  testCases.TC02_LoginPageDataDriven - Entering the Password on Login Page
14:30:26.237 [main] INFO  testCases.TC02_LoginPageDataDriven - Clicking on the Login Button
14:30:36.352 [main] INFO  testCases.TC02_LoginPageDataDriven - Starting login verification test
14:30:36.353 [main] INFO  testCases.TC02_LoginPageDataDriven - Opening the Login Page
14:30:36.522 [main] INFO  testCases.TC02_LoginPageDataDriven - Entering the Username on Login Page
14:30:36.595 [main] INFO  testCases.TC02_LoginPageDataDriven - Entering the Password on Login Page
14:30:36.693 [main] INFO  testCases.TC02_LoginPageDataDriven - Clicking on the Login Button
14:30:46.796 [main] INFO  testCases.TC02_LoginPageDataDriven - Starting login verification test
14:30:46.797 [main] INFO  testCases.TC02_LoginPageDataDriven - Opening the Login Page
14:30:46.879 [main] INFO  testCases.TC02_LoginPageDataDriven - Entering the Username on Login Page
14:30:46.929 [main] INFO  testCases.TC02_LoginPageDataDriven - Entering the Password on Login Page
14:30:46.980 [main] INFO  testCases.TC02_LoginPageDataDriven - Clicking on the Login Button
14:39:52.376 [main] INFO  testCases.TC02_LoginPageDataDriven - Starting login verification test
14:39:52.386 [main] INFO  testCases.TC02_LoginPageDataDriven - Opening the Login Page
14:39:52.516 [main] INFO  testCases.TC02_LoginPageDataDriven - Entering the Username on Login Page
14:39:52.621 [main] INFO  testCases.TC02_LoginPageDataDriven - Entering the Password on Login Page
14:39:52.742 [main] INFO  testCases.TC02_LoginPageDataDriven - Clicking on the Login Button
14:40:02.893 [main] INFO  testCases.TC02_LoginPageDataDriven - Starting login verification test
14:40:02.897 [main] INFO  testCases.TC02_LoginPageDataDriven - Opening the Login Page
14:40:03.155 [main] INFO  testCases.TC02_LoginPageDataDriven - Entering the Username on Login Page
14:40:03.303 [main] INFO  testCases.TC02_LoginPageDataDriven - Entering the Password on Login Page
14:40:03.472 [main] INFO  testCases.TC02_LoginPageDataDriven - Clicking on the Login Button
14:40:13.602 [main] INFO  testCases.TC02_LoginPageDataDriven - Starting login verification test
14:40:13.603 [main] INFO  testCases.TC02_LoginPageDataDriven - Opening the Login Page
14:40:13.870 [main] INFO  testCases.TC02_LoginPageDataDriven - Entering the Username on Login Page
14:40:14.018 [main] INFO  testCases.TC02_LoginPageDataDriven - Entering the Password on Login Page
14:40:14.184 [main] INFO  testCases.TC02_LoginPageDataDriven - Clicking on the Login Button
14:40:24.336 [main] INFO  testCases.TC02_LoginPageDataDriven - Starting login verification test
14:40:24.336 [main] INFO  testCases.TC02_LoginPageDataDriven - Opening the Login Page
14:40:24.506 [main] INFO  testCases.TC02_LoginPageDataDriven - Entering the Username on Login Page
14:40:24.648 [main] INFO  testCases.TC02_LoginPageDataDriven - Entering the Password on Login Page
14:40:24.817 [main] INFO  testCases.TC02_LoginPageDataDriven - Clicking on the Login Button
